<?xml version="1.0" encoding="UTF-8"?>
<!-- Generated by org.testng.reporters.JUnitReportReporter -->
<testsuite hostname="LIN41007263" failures="0" tests="1" name="test.AmazonTest1" time="9.647" errors="0" timestamp="15 Dec 2021 07:56:04 GMT" skipped="0">
  <testcase classname="test.AmazonTest1" name="test" time="9.647"/>
</testsuite> <!-- test.AmazonTest1 -->
