<?xml version="1.0" encoding="UTF-8"?>
<!-- Generated by org.testng.reporters.JUnitReportReporter -->
<testsuite hostname="LIN41007263" failures="0" tests="1" name="test.AmazonTest1" time="7.560" errors="0" timestamp="14 Dec 2021 14:36:31 GMT" skipped="0">
  <testcase classname="test.AmazonTest1" name="test" time="7.560"/>
</testsuite> <!-- test.AmazonTest1 -->
