<?xml version="1.0" encoding="UTF-8"?>
<!-- Generated by org.testng.reporters.JUnitReportReporter -->
<testsuite hostname="LIN41007263" failures="0" tests="3" name="test.AmazonTest1" time="28.477" errors="0" timestamp="16 Dec 2021 10:01:19 GMT" skipped="0">
  <testcase classname="test.AmazonTest1" name="test2" time="1.995"/>
  <testcase classname="test.AmazonTest1" name="test1" time="10.604"/>
  <testcase classname="test.AmazonTest1" name="test3" time="15.878"/>
</testsuite> <!-- test.AmazonTest1 -->
